23:38:06.132 [ApplicationImpl pooled thread 130] INFO  c.b.l.BrowserStackRunExtension - junit
23:38:06.132 [ApplicationImpl pooled thread 130] INFO  com.browserstack.utils.Helpers - null
23:38:06.132 [ApplicationImpl pooled thread 130] INFO  c.b.l.BrowserStackRunExtension - Agent path: null
20:51:40.501 [ApplicationImpl pooled thread 15] INFO  c.b.l.BrowserStackRunExtension - junit
20:51:40.502 [ApplicationImpl pooled thread 15] INFO  com.browserstack.utils.Helpers - null
20:51:40.503 [ApplicationImpl pooled thread 15] INFO  c.b.l.BrowserStackRunExtension - Agent path: null
21:02:23.955 [ApplicationImpl pooled thread 37] INFO  c.b.l.BrowserStackRunExtension - junit
21:02:24.000 [ApplicationImpl pooled thread 37] INFO  com.browserstack.utils.Helpers - null
21:02:24.001 [ApplicationImpl pooled thread 37] INFO  c.b.l.BrowserStackRunExtension - Agent path: null
21:41:21.952 [ApplicationImpl pooled thread 3] INFO  c.b.l.BrowserStackRunExtension - cucumber java
21:41:21.953 [ApplicationImpl pooled thread 3] INFO  com.browserstack.utils.Helpers - null
21:41:21.955 [ApplicationImpl pooled thread 3] INFO  c.b.l.BrowserStackRunExtension - Agent path: null
21:41:34.547 [ApplicationImpl pooled thread 14] INFO  c.b.l.BrowserStackRunExtension - junit
21:41:34.547 [ApplicationImpl pooled thread 14] INFO  com.browserstack.utils.Helpers - null
21:41:34.548 [ApplicationImpl pooled thread 14] INFO  c.b.l.BrowserStackRunExtension - Agent path: null
21:44:04.810 [ApplicationImpl pooled thread 25] INFO  c.b.l.BrowserStackRunExtension - junit
21:44:04.810 [ApplicationImpl pooled thread 25] INFO  com.browserstack.utils.Helpers - null
21:44:04.810 [ApplicationImpl pooled thread 25] INFO  c.b.l.BrowserStackRunExtension - Agent path: null
21:47:43.031 [ApplicationImpl pooled thread 25] INFO  c.b.l.BrowserStackRunExtension - junit
21:47:43.031 [ApplicationImpl pooled thread 25] INFO  com.browserstack.utils.Helpers - null
21:47:43.033 [ApplicationImpl pooled thread 25] INFO  c.b.l.BrowserStackRunExtension - Agent path: null
22:23:51.539 [ApplicationImpl pooled thread 55] INFO  c.b.l.BrowserStackRunExtension - junit
22:23:51.540 [ApplicationImpl pooled thread 55] INFO  com.browserstack.utils.Helpers - null
22:23:51.541 [ApplicationImpl pooled thread 55] INFO  c.b.l.BrowserStackRunExtension - Agent path: null
22:29:28.235 [ApplicationImpl pooled thread 57] INFO  c.b.l.BrowserStackRunExtension - cucumber java
22:29:28.235 [ApplicationImpl pooled thread 57] INFO  com.browserstack.utils.Helpers - null
22:29:28.236 [ApplicationImpl pooled thread 57] INFO  c.b.l.BrowserStackRunExtension - Agent path: null
22:29:38.332 [ApplicationImpl pooled thread 57] INFO  c.b.l.BrowserStackRunExtension - junit
22:29:38.332 [ApplicationImpl pooled thread 57] INFO  com.browserstack.utils.Helpers - null
22:29:38.334 [ApplicationImpl pooled thread 57] INFO  c.b.l.BrowserStackRunExtension - Agent path: null
22:31:04.601 [ApplicationImpl pooled thread 64] INFO  c.b.l.BrowserStackRunExtension - junit
22:31:04.601 [ApplicationImpl pooled thread 64] INFO  com.browserstack.utils.Helpers - null
22:31:04.602 [ApplicationImpl pooled thread 64] INFO  c.b.l.BrowserStackRunExtension - Agent path: null
23:42:26.545 [ApplicationImpl pooled thread 70] INFO  c.b.l.BrowserStackRunExtension - cucumber java
23:42:26.545 [ApplicationImpl pooled thread 70] INFO  com.browserstack.utils.Helpers - null
23:42:26.546 [ApplicationImpl pooled thread 70] INFO  c.b.l.BrowserStackRunExtension - Agent path: null
23:42:51.515 [ApplicationImpl pooled thread 70] INFO  c.b.l.BrowserStackRunExtension - junit
23:42:51.515 [ApplicationImpl pooled thread 70] INFO  com.browserstack.utils.Helpers - null
23:42:51.516 [ApplicationImpl pooled thread 70] INFO  c.b.l.BrowserStackRunExtension - Agent path: null
16:44:49.497 [ApplicationImpl pooled thread 31] INFO  c.b.l.BrowserStackRunExtension - application
16:44:49.520 [ApplicationImpl pooled thread 31] INFO  com.browserstack.utils.Helpers - null
16:48:42.362 [ApplicationImpl pooled thread 27] INFO  c.b.l.BrowserStackRunExtension - application
16:48:42.362 [ApplicationImpl pooled thread 27] INFO  com.browserstack.utils.Helpers - null
16:55:21.982 [ApplicationImpl pooled thread 35] INFO  c.b.l.BrowserStackRunExtension - application
16:55:21.982 [ApplicationImpl pooled thread 35] INFO  com.browserstack.utils.Helpers - null
16:59:23.535 [ApplicationImpl pooled thread 38] INFO  c.b.l.BrowserStackRunExtension - application
16:59:23.535 [ApplicationImpl pooled thread 38] INFO  com.browserstack.utils.Helpers - null
18:51:39.758 [ApplicationImpl pooled thread 82] INFO  c.b.l.BrowserStackRunExtension - application
18:51:39.775 [ApplicationImpl pooled thread 82] INFO  com.browserstack.utils.Helpers - null
18:52:20.346 [ApplicationImpl pooled thread 86] INFO  c.b.l.BrowserStackRunExtension - application
18:52:20.346 [ApplicationImpl pooled thread 86] INFO  com.browserstack.utils.Helpers - null
18:57:47.750 [ApplicationImpl pooled thread 89] INFO  c.b.l.BrowserStackRunExtension - application
18:57:47.764 [ApplicationImpl pooled thread 89] INFO  com.browserstack.utils.Helpers - null
19:02:24.005 [ApplicationImpl pooled thread 94] INFO  c.b.l.BrowserStackRunExtension - application
19:02:24.005 [ApplicationImpl pooled thread 94] INFO  com.browserstack.utils.Helpers - null
20:17:25.840 [ApplicationImpl pooled thread 113] INFO  c.b.l.BrowserStackRunExtension - application
20:17:25.840 [ApplicationImpl pooled thread 113] INFO  com.browserstack.utils.Helpers - null
20:32:53.546 [ApplicationImpl pooled thread 122] INFO  c.b.l.BrowserStackRunExtension - application
20:32:53.546 [ApplicationImpl pooled thread 122] INFO  com.browserstack.utils.Helpers - null
20:34:43.566 [ApplicationImpl pooled thread 120] INFO  c.b.l.BrowserStackRunExtension - application
20:34:43.567 [ApplicationImpl pooled thread 120] INFO  com.browserstack.utils.Helpers - null
20:35:37.422 [ApplicationImpl pooled thread 120] INFO  c.b.l.BrowserStackRunExtension - application
20:35:37.422 [ApplicationImpl pooled thread 120] INFO  com.browserstack.utils.Helpers - null
20:36:14.838 [ApplicationImpl pooled thread 129] INFO  c.b.l.BrowserStackRunExtension - application
20:36:14.838 [ApplicationImpl pooled thread 129] INFO  com.browserstack.utils.Helpers - null
20:45:17.557 [ApplicationImpl pooled thread 131] INFO  c.b.l.BrowserStackRunExtension - application
20:45:17.558 [ApplicationImpl pooled thread 131] INFO  com.browserstack.utils.Helpers - null
20:46:34.857 [ApplicationImpl pooled thread 131] INFO  c.b.l.BrowserStackRunExtension - application
20:46:34.857 [ApplicationImpl pooled thread 131] INFO  com.browserstack.utils.Helpers - null
20:46:59.740 [ApplicationImpl pooled thread 131] INFO  c.b.l.BrowserStackRunExtension - application
20:46:59.741 [ApplicationImpl pooled thread 131] INFO  com.browserstack.utils.Helpers - null
20:47:07.659 [ApplicationImpl pooled thread 131] INFO  c.b.l.BrowserStackRunExtension - application
20:47:07.659 [ApplicationImpl pooled thread 131] INFO  com.browserstack.utils.Helpers - null
20:56:38.811 [ApplicationImpl pooled thread 138] INFO  c.b.l.BrowserStackRunExtension - application
20:56:38.811 [ApplicationImpl pooled thread 138] INFO  com.browserstack.utils.Helpers - null
21:00:20.480 [ApplicationImpl pooled thread 139] INFO  c.b.l.BrowserStackRunExtension - application
21:00:20.480 [ApplicationImpl pooled thread 139] INFO  com.browserstack.utils.Helpers - null
21:04:36.677 [ApplicationImpl pooled thread 146] INFO  c.b.l.BrowserStackRunExtension - application
21:04:36.678 [ApplicationImpl pooled thread 146] INFO  com.browserstack.utils.Helpers - null
21:05:01.238 [ApplicationImpl pooled thread 151] INFO  c.b.l.BrowserStackRunExtension - application
21:05:01.238 [ApplicationImpl pooled thread 151] INFO  com.browserstack.utils.Helpers - null
21:08:28.803 [ApplicationImpl pooled thread 155] INFO  c.b.l.BrowserStackRunExtension - application
21:08:28.804 [ApplicationImpl pooled thread 155] INFO  com.browserstack.utils.Helpers - null
21:08:42.144 [ApplicationImpl pooled thread 158] INFO  c.b.l.BrowserStackRunExtension - application
21:08:42.144 [ApplicationImpl pooled thread 158] INFO  com.browserstack.utils.Helpers - null
21:12:47.517 [ApplicationImpl pooled thread 160] INFO  c.b.l.BrowserStackRunExtension - application
21:12:47.517 [ApplicationImpl pooled thread 160] INFO  com.browserstack.utils.Helpers - null
21:14:09.677 [ApplicationImpl pooled thread 163] INFO  c.b.l.BrowserStackRunExtension - application
21:14:09.677 [ApplicationImpl pooled thread 163] INFO  com.browserstack.utils.Helpers - null
21:14:43.309 [ApplicationImpl pooled thread 165] INFO  c.b.l.BrowserStackRunExtension - application
21:14:43.309 [ApplicationImpl pooled thread 165] INFO  com.browserstack.utils.Helpers - null
21:18:10.923 [ApplicationImpl pooled thread 166] INFO  c.b.l.BrowserStackRunExtension - application
21:18:10.923 [ApplicationImpl pooled thread 166] INFO  com.browserstack.utils.Helpers - null
21:18:26.456 [ApplicationImpl pooled thread 163] INFO  c.b.l.BrowserStackRunExtension - application
21:18:26.457 [ApplicationImpl pooled thread 163] INFO  com.browserstack.utils.Helpers - null
21:18:45.142 [ApplicationImpl pooled thread 169] INFO  c.b.l.BrowserStackRunExtension - application
21:18:45.142 [ApplicationImpl pooled thread 169] INFO  com.browserstack.utils.Helpers - null
21:20:28.052 [ApplicationImpl pooled thread 169] INFO  c.b.l.BrowserStackRunExtension - application
21:20:28.052 [ApplicationImpl pooled thread 169] INFO  com.browserstack.utils.Helpers - null
21:21:08.179 [ApplicationImpl pooled thread 167] INFO  c.b.l.BrowserStackRunExtension - application
21:21:08.179 [ApplicationImpl pooled thread 167] INFO  com.browserstack.utils.Helpers - null
21:21:47.541 [ApplicationImpl pooled thread 167] INFO  c.b.l.BrowserStackRunExtension - application
21:21:47.541 [ApplicationImpl pooled thread 167] INFO  com.browserstack.utils.Helpers - null
21:22:54.697 [ApplicationImpl pooled thread 170] INFO  c.b.l.BrowserStackRunExtension - application
21:22:54.697 [ApplicationImpl pooled thread 170] INFO  com.browserstack.utils.Helpers - null
21:24:08.231 [ApplicationImpl pooled thread 172] INFO  c.b.l.BrowserStackRunExtension - application
21:24:08.231 [ApplicationImpl pooled thread 172] INFO  com.browserstack.utils.Helpers - null
21:25:21.764 [ApplicationImpl pooled thread 172] INFO  c.b.l.BrowserStackRunExtension - application
21:25:21.764 [ApplicationImpl pooled thread 172] INFO  com.browserstack.utils.Helpers - null
21:25:42.141 [ApplicationImpl pooled thread 176] INFO  c.b.l.BrowserStackRunExtension - application
21:25:42.142 [ApplicationImpl pooled thread 176] INFO  com.browserstack.utils.Helpers - null
21:26:04.749 [ApplicationImpl pooled thread 177] INFO  c.b.l.BrowserStackRunExtension - application
21:26:04.749 [ApplicationImpl pooled thread 177] INFO  com.browserstack.utils.Helpers - null
21:26:10.518 [ApplicationImpl pooled thread 172] INFO  c.b.l.BrowserStackRunExtension - application
21:26:10.518 [ApplicationImpl pooled thread 172] INFO  com.browserstack.utils.Helpers - null
14:42:01.271 [ApplicationImpl pooled thread 9] INFO  c.b.l.BrowserStackRunExtension - application
14:42:01.273 [ApplicationImpl pooled thread 9] INFO  com.browserstack.utils.Helpers - null
14:58:56.706 [ApplicationImpl pooled thread 9] INFO  c.b.l.BrowserStackRunExtension - application
14:58:56.706 [ApplicationImpl pooled thread 9] INFO  com.browserstack.utils.Helpers - null
15:17:02.107 [ApplicationImpl pooled thread 20] INFO  c.b.l.BrowserStackRunExtension - application
15:17:02.107 [ApplicationImpl pooled thread 20] INFO  com.browserstack.utils.Helpers - null
15:17:27.958 [ApplicationImpl pooled thread 21] INFO  c.b.l.BrowserStackRunExtension - application
15:17:27.958 [ApplicationImpl pooled thread 21] INFO  com.browserstack.utils.Helpers - null
15:18:03.124 [ApplicationImpl pooled thread 13] INFO  c.b.l.BrowserStackRunExtension - application
15:18:03.124 [ApplicationImpl pooled thread 13] INFO  com.browserstack.utils.Helpers - null
15:19:31.919 [ApplicationImpl pooled thread 13] INFO  c.b.l.BrowserStackRunExtension - application
15:19:31.919 [ApplicationImpl pooled thread 13] INFO  com.browserstack.utils.Helpers - null
15:21:31.858 [ApplicationImpl pooled thread 27] INFO  c.b.l.BrowserStackRunExtension - application
15:21:31.858 [ApplicationImpl pooled thread 27] INFO  com.browserstack.utils.Helpers - null
15:22:30.321 [ApplicationImpl pooled thread 27] INFO  c.b.l.BrowserStackRunExtension - application
15:22:30.321 [ApplicationImpl pooled thread 27] INFO  com.browserstack.utils.Helpers - null
15:23:07.576 [ApplicationImpl pooled thread 27] INFO  c.b.l.BrowserStackRunExtension - application
15:23:07.577 [ApplicationImpl pooled thread 27] INFO  com.browserstack.utils.Helpers - null
15:23:15.719 [ApplicationImpl pooled thread 27] INFO  c.b.l.BrowserStackRunExtension - application
15:23:15.719 [ApplicationImpl pooled thread 27] INFO  com.browserstack.utils.Helpers - null
15:41:30.487 [ApplicationImpl pooled thread 27] INFO  c.b.l.BrowserStackRunExtension - application
15:41:30.487 [ApplicationImpl pooled thread 27] INFO  com.browserstack.utils.Helpers - null
15:47:58.720 [ApplicationImpl pooled thread 33] INFO  c.b.l.BrowserStackRunExtension - application
15:47:58.720 [ApplicationImpl pooled thread 33] INFO  com.browserstack.utils.Helpers - null
15:48:43.447 [ApplicationImpl pooled thread 33] INFO  c.b.l.BrowserStackRunExtension - application
15:48:43.447 [ApplicationImpl pooled thread 33] INFO  com.browserstack.utils.Helpers - null
15:49:17.307 [ApplicationImpl pooled thread 13] INFO  c.b.l.BrowserStackRunExtension - application
15:49:17.307 [ApplicationImpl pooled thread 13] INFO  com.browserstack.utils.Helpers - null
16:03:24.532 [ApplicationImpl pooled thread 36] INFO  c.b.l.BrowserStackRunExtension - application
16:03:24.532 [ApplicationImpl pooled thread 36] INFO  com.browserstack.utils.Helpers - null
16:28:57.038 [ApplicationImpl pooled thread 33] INFO  c.b.l.BrowserStackRunExtension - application
16:28:57.039 [ApplicationImpl pooled thread 33] INFO  com.browserstack.utils.Helpers - null
16:33:08.147 [ApplicationImpl pooled thread 45] INFO  c.b.l.BrowserStackRunExtension - application
16:33:08.148 [ApplicationImpl pooled thread 45] INFO  com.browserstack.utils.Helpers - null
16:40:34.627 [ApplicationImpl pooled thread 51] INFO  c.b.l.BrowserStackRunExtension - application
16:40:34.627 [ApplicationImpl pooled thread 51] INFO  com.browserstack.utils.Helpers - null
16:41:07.128 [ApplicationImpl pooled thread 54] INFO  c.b.l.BrowserStackRunExtension - application
16:41:07.128 [ApplicationImpl pooled thread 54] INFO  com.browserstack.utils.Helpers - null
16:52:26.848 [ApplicationImpl pooled thread 59] INFO  c.b.l.BrowserStackRunExtension - application
16:52:26.848 [ApplicationImpl pooled thread 59] INFO  com.browserstack.utils.Helpers - null
16:53:51.817 [ApplicationImpl pooled thread 59] INFO  c.b.l.BrowserStackRunExtension - application
16:53:51.817 [ApplicationImpl pooled thread 59] INFO  com.browserstack.utils.Helpers - null
16:56:25.593 [ApplicationImpl pooled thread 55] INFO  c.b.l.BrowserStackRunExtension - application
16:56:25.593 [ApplicationImpl pooled thread 55] INFO  com.browserstack.utils.Helpers - null
17:05:08.655 [ApplicationImpl pooled thread 70] INFO  c.b.l.BrowserStackRunExtension - application
17:05:08.655 [ApplicationImpl pooled thread 70] INFO  com.browserstack.utils.Helpers - null
17:06:49.131 [ApplicationImpl pooled thread 73] INFO  c.b.l.BrowserStackRunExtension - application
17:06:49.132 [ApplicationImpl pooled thread 73] INFO  com.browserstack.utils.Helpers - null
17:09:26.889 [ApplicationImpl pooled thread 75] INFO  c.b.l.BrowserStackRunExtension - application
17:09:26.889 [ApplicationImpl pooled thread 75] INFO  com.browserstack.utils.Helpers - null
17:10:52.946 [ApplicationImpl pooled thread 62] INFO  c.b.l.BrowserStackRunExtension - application
17:10:52.946 [ApplicationImpl pooled thread 62] INFO  com.browserstack.utils.Helpers - null
17:15:13.307 [ApplicationImpl pooled thread 78] INFO  c.b.l.BrowserStackRunExtension - application
17:15:13.307 [ApplicationImpl pooled thread 78] INFO  com.browserstack.utils.Helpers - null
17:16:13.997 [ApplicationImpl pooled thread 80] INFO  c.b.l.BrowserStackRunExtension - application
17:16:13.997 [ApplicationImpl pooled thread 80] INFO  com.browserstack.utils.Helpers - null
17:17:33.078 [ApplicationImpl pooled thread 84] INFO  c.b.l.BrowserStackRunExtension - application
17:17:33.078 [ApplicationImpl pooled thread 84] INFO  com.browserstack.utils.Helpers - null
17:17:57.680 [ApplicationImpl pooled thread 85] INFO  c.b.l.BrowserStackRunExtension - application
17:17:57.680 [ApplicationImpl pooled thread 85] INFO  com.browserstack.utils.Helpers - null
17:20:54.658 [ApplicationImpl pooled thread 91] INFO  c.b.l.BrowserStackRunExtension - application
17:20:54.658 [ApplicationImpl pooled thread 91] INFO  com.browserstack.utils.Helpers - null
17:23:53.019 [ApplicationImpl pooled thread 93] INFO  c.b.l.BrowserStackRunExtension - application
17:23:53.019 [ApplicationImpl pooled thread 93] INFO  com.browserstack.utils.Helpers - null
17:24:57.934 [ApplicationImpl pooled thread 97] INFO  c.b.l.BrowserStackRunExtension - application
17:24:57.934 [ApplicationImpl pooled thread 97] INFO  com.browserstack.utils.Helpers - null
17:25:20.853 [ApplicationImpl pooled thread 93] INFO  c.b.l.BrowserStackRunExtension - application
17:25:20.853 [ApplicationImpl pooled thread 93] INFO  com.browserstack.utils.Helpers - null
17:27:54.014 [ApplicationImpl pooled thread 95] INFO  c.b.l.BrowserStackRunExtension - application
17:27:54.014 [ApplicationImpl pooled thread 95] INFO  com.browserstack.utils.Helpers - null
17:29:08.962 [ApplicationImpl pooled thread 93] INFO  c.b.l.BrowserStackRunExtension - application
17:29:08.962 [ApplicationImpl pooled thread 93] INFO  com.browserstack.utils.Helpers - null
17:30:53.793 [ApplicationImpl pooled thread 106] INFO  c.b.l.BrowserStackRunExtension - application
17:30:53.793 [ApplicationImpl pooled thread 106] INFO  com.browserstack.utils.Helpers - null
17:34:00.939 [ApplicationImpl pooled thread 100] INFO  c.b.l.BrowserStackRunExtension - application
17:34:00.939 [ApplicationImpl pooled thread 100] INFO  com.browserstack.utils.Helpers - null
17:39:53.430 [ApplicationImpl pooled thread 115] INFO  c.b.l.BrowserStackRunExtension - application
17:39:53.430 [ApplicationImpl pooled thread 115] INFO  com.browserstack.utils.Helpers - null
17:40:07.579 [ApplicationImpl pooled thread 117] INFO  c.b.l.BrowserStackRunExtension - application
17:40:07.579 [ApplicationImpl pooled thread 117] INFO  com.browserstack.utils.Helpers - null
17:40:12.532 [ApplicationImpl pooled thread 117] INFO  c.b.l.BrowserStackRunExtension - application
17:40:12.532 [ApplicationImpl pooled thread 117] INFO  com.browserstack.utils.Helpers - null
17:41:03.192 [ApplicationImpl pooled thread 115] INFO  c.b.l.BrowserStackRunExtension - application
17:41:03.192 [ApplicationImpl pooled thread 115] INFO  com.browserstack.utils.Helpers - null
17:46:04.533 [ApplicationImpl pooled thread 118] INFO  c.b.l.BrowserStackRunExtension - cucumber java
17:46:04.533 [ApplicationImpl pooled thread 118] INFO  com.browserstack.utils.Helpers - null
17:46:04.535 [ApplicationImpl pooled thread 118] INFO  c.b.l.BrowserStackRunExtension - Agent path: null
17:51:25.252 [ApplicationImpl pooled thread 112] INFO  c.b.l.BrowserStackRunExtension - cucumber java
17:51:25.252 [ApplicationImpl pooled thread 112] INFO  com.browserstack.utils.Helpers - null
17:51:25.253 [ApplicationImpl pooled thread 112] INFO  c.b.l.BrowserStackRunExtension - Agent path: null
17:54:07.220 [ApplicationImpl pooled thread 119] INFO  c.b.l.BrowserStackRunExtension - application
17:54:07.220 [ApplicationImpl pooled thread 119] INFO  com.browserstack.utils.Helpers - null
18:36:20.030 [ApplicationImpl pooled thread 138] INFO  c.b.l.BrowserStackRunExtension - cucumber java
18:36:20.031 [ApplicationImpl pooled thread 138] INFO  com.browserstack.utils.Helpers - null
18:36:20.032 [ApplicationImpl pooled thread 138] INFO  c.b.l.BrowserStackRunExtension - Agent path: null
18:39:27.836 [ApplicationImpl pooled thread 138] INFO  c.b.l.BrowserStackRunExtension - cucumber java
18:39:27.836 [ApplicationImpl pooled thread 138] INFO  com.browserstack.utils.Helpers - null
18:39:27.838 [ApplicationImpl pooled thread 138] INFO  c.b.l.BrowserStackRunExtension - Agent path: null
